This file contains any messages produced by compilers while
running configure, to aid debugging if configure makes a mistake.

It was created by OpenCVS configure 4.5.0, which was
generated by GNU Autoconf 2.69.  Invocation command line was

  $ ./configure --prefix=/usr

## --------- ##
## Platform. ##
## --------- ##

hostname = dimension-e510
uname -m = x86_64
uname -r = 3.14.22-1-lts
uname -s = Linux
uname -v = #1 SMP Wed Oct 15 08:30:13 UTC 2014

/usr/bin/uname -p = unknown
/bin/uname -X     = unknown

/bin/arch              = unknown
/usr/bin/arch -k       = unknown
/usr/convex/getsysinfo = unknown
/usr/bin/hostinfo      = unknown
/bin/machine           = unknown
/usr/bin/oslevel       = unknown
/bin/universe          = unknown

PATH: /usr/local/sbin
PATH: /usr/local/bin
PATH: /usr/bin
PATH: /usr/lib/jvm/default/bin
PATH: /usr/bin/site_perl
PATH: /usr/bin/vendor_perl
PATH: /usr/bin/core_perl
PATH: /opt/plan9/bin


## ----------- ##
## Core tests. ##
## ----------- ##

configure:2490: checking for a BSD-compatible install
configure:2558: result: /usr/bin/install -c
configure:2569: checking whether build environment is sane
configure:2624: result: yes
configure:2775: checking for a thread-safe mkdir -p
configure:2814: result: /usr/bin/mkdir -p
configure:2821: checking for gawk
configure:2837: found /usr/bin/gawk
configure:2848: result: gawk
configure:2859: checking whether make sets $(MAKE)
configure:2881: result: yes
configure:2910: checking whether make supports nested variables
configure:2927: result: yes
configure:3102: checking for gcc
configure:3118: found /usr/bin/gcc
configure:3129: result: gcc
configure:3358: checking for C compiler version
configure:3367: gcc --version >&5
gcc (GCC) 4.9.1 20140903 (prerelease)
Copyright (C) 2014 Free Software Foundation, Inc.
This is free software; see the source for copying conditions.  There is NO
warranty; not even for MERCHANTABILITY or FITNESS FOR A PARTICULAR PURPOSE.

configure:3378: $? = 0
configure:3367: gcc -v >&5
Using built-in specs.
COLLECT_GCC=gcc
COLLECT_LTO_WRAPPER=/usr/lib/gcc/x86_64-unknown-linux-gnu/4.9.1/lto-wrapper
Target: x86_64-unknown-linux-gnu
Configured with: /build/gcc/src/gcc-4.9-20140903/configure --prefix=/usr --libdir=/usr/lib --libexecdir=/usr/lib --mandir=/usr/share/man --infodir=/usr/share/info --with-bugurl=https://bugs.archlinux.org/ --enable-languages=c,c++,ada,fortran,go,lto,objc,obj-c++ --enable-shared --enable-threads=posix --with-system-zlib --enable-__cxa_atexit --disable-libunwind-exceptions --enable-clocale=gnu --disable-libstdcxx-pch --disable-libssp --enable-gnu-unique-object --enable-linker-build-id --enable-cloog-backend=isl --disable-isl-version-check --disable-cloog-version-check --enable-lto --enable-plugin --enable-install-libiberty --with-linker-hash-style=gnu --disable-multilib --disable-werror --enable-checking=release
Thread model: posix
gcc version 4.9.1 20140903 (prerelease) (GCC) 
configure:3378: $? = 0
configure:3367: gcc -V >&5
gcc: error: unrecognized command line option '-V'
gcc: fatal error: no input files
compilation terminated.
configure:3378: $? = 1
configure:3367: gcc -qversion >&5
gcc: error: unrecognized command line option '-qversion'
gcc: fatal error: no input files
compilation terminated.
configure:3378: $? = 1
configure:3398: checking whether the C compiler works
configure:3420: gcc    conftest.c  >&5
configure:3424: $? = 0
configure:3472: result: yes
configure:3475: checking for C compiler default output file name
configure:3477: result: a.out
configure:3483: checking for suffix of executables
configure:3490: gcc -o conftest    conftest.c  >&5
configure:3494: $? = 0
configure:3516: result: 
configure:3538: checking whether we are cross compiling
configure:3546: gcc -o conftest    conftest.c  >&5
configure:3550: $? = 0
configure:3557: ./conftest
configure:3561: $? = 0
configure:3576: result: no
configure:3581: checking for suffix of object files
configure:3603: gcc -c   conftest.c >&5
configure:3607: $? = 0
configure:3628: result: o
configure:3632: checking whether we are using the GNU C compiler
configure:3651: gcc -c   conftest.c >&5
configure:3651: $? = 0
configure:3660: result: yes
configure:3669: checking whether gcc accepts -g
configure:3689: gcc -c -g  conftest.c >&5
configure:3689: $? = 0
configure:3730: result: yes
configure:3747: checking for gcc option to accept ISO C89
configure:3810: gcc  -c -g -O2  conftest.c >&5
configure:3810: $? = 0
configure:3823: result: none needed
configure:3848: checking whether gcc understands -c and -o together
configure:3870: gcc -c conftest.c -o conftest2.o
configure:3873: $? = 0
configure:3870: gcc -c conftest.c -o conftest2.o
configure:3873: $? = 0
configure:3885: result: yes
configure:3913: checking for style of include used by make
configure:3941: result: GNU
configure:3967: checking dependency style of gcc
configure:4078: result: gcc3
configure:4097: checking for bison
configure:4113: found /usr/bin/bison
configure:4124: result: bison -y
configure:4166: checking build system type
configure:4180: result: x86_64-unknown-linux-gnu
configure:4200: checking host system type
configure:4213: result: x86_64-unknown-linux-gnu
configure:4254: checking how to print strings
configure:4281: result: printf
configure:4302: checking for a sed that does not truncate output
configure:4366: result: /usr/bin/sed
configure:4384: checking for grep that handles long lines and -e
configure:4442: result: /usr/bin/grep
configure:4447: checking for egrep
configure:4509: result: /usr/bin/grep -E
configure:4514: checking for fgrep
configure:4576: result: /usr/bin/grep -F
configure:4611: checking for ld used by gcc
configure:4678: result: /usr/bin/ld
configure:4685: checking if the linker (/usr/bin/ld) is GNU ld
configure:4700: result: yes
configure:4712: checking for BSD- or MS-compatible name lister (nm)
configure:4761: result: /usr/bin/nm -B
configure:4891: checking the name lister (/usr/bin/nm -B) interface
configure:4898: gcc -c -g -O2  conftest.c >&5
configure:4901: /usr/bin/nm -B "conftest.o"
configure:4904: output
0000000000000000 B some_variable
configure:4911: result: BSD nm
configure:4914: checking whether ln -s works
configure:4918: result: yes
configure:4926: checking the maximum length of command line arguments
configure:5056: result: 1572864
configure:5073: checking whether the shell understands some XSI constructs
configure:5083: result: yes
configure:5087: checking whether the shell understands "+="
configure:5093: result: yes
configure:5128: checking how to convert x86_64-unknown-linux-gnu file names to x86_64-unknown-linux-gnu format
configure:5168: result: func_convert_file_noop
configure:5175: checking how to convert x86_64-unknown-linux-gnu file names to toolchain format
configure:5195: result: func_convert_file_noop
configure:5202: checking for /usr/bin/ld option to reload object files
configure:5209: result: -r
configure:5283: checking for objdump
configure:5299: found /usr/bin/objdump
configure:5310: result: objdump
configure:5342: checking how to recognize dependent libraries
configure:5544: result: pass_all
configure:5629: checking for dlltool
configure:5659: result: no
configure:5689: checking how to associate runtime and link libraries
configure:5716: result: printf %s\n
configure:5777: checking for ar
configure:5793: found /usr/bin/ar
configure:5804: result: ar
configure:5841: checking for archiver @FILE support
configure:5858: gcc -c -g -O2  conftest.c >&5
configure:5858: $? = 0
configure:5861: ar cru libconftest.a @conftest.lst >&5
configure:5864: $? = 0
configure:5869: ar cru libconftest.a @conftest.lst >&5
ar: conftest.o: No such file or directory
configure:5872: $? = 1
configure:5884: result: @
configure:5942: checking for strip
configure:5958: found /usr/bin/strip
configure:5969: result: strip
configure:6041: checking for ranlib
configure:6057: found /usr/bin/ranlib
configure:6068: result: ranlib
configure:6170: checking command to parse /usr/bin/nm -B output from gcc object
configure:6290: gcc -c -g -O2  conftest.c >&5
configure:6293: $? = 0
configure:6297: /usr/bin/nm -B conftest.o \| sed -n -e 's/^.*[ ]\([ABCDGIRSTW][ABCDGIRSTW]*\)[ ][ ]*\([_A-Za-z][_A-Za-z0-9]*\)$/\1 \2 \2/p' | sed '/ __gnu_lto/d' \> conftest.nm
configure:6300: $? = 0
configure:6366: gcc -o conftest -g -O2   conftest.c conftstm.o >&5
configure:6369: $? = 0
configure:6407: result: ok
configure:6444: checking for sysroot
configure:6474: result: no
configure:6551: gcc -c -g -O2  conftest.c >&5
configure:6554: $? = 0
configure:6730: checking for mt
configure:6760: result: no
configure:6780: checking if : is a manifest tool
configure:6786: : '-?'
configure:6794: result: no
configure:7436: checking how to run the C preprocessor
configure:7467: gcc -E  conftest.c
configure:7467: $? = 0
configure:7481: gcc -E  conftest.c
conftest.c:11:28: fatal error: ac_nonexistent.h: No such file or directory
 #include <ac_nonexistent.h>
                            ^
compilation terminated.
configure:7481: $? = 1
configure: failed program was:
| /* confdefs.h */
| #define PACKAGE_NAME "OpenCVS"
| #define PACKAGE_TARNAME "opencvs"
| #define PACKAGE_VERSION "4.5.0"
| #define PACKAGE_STRING "OpenCVS 4.5.0"
| #define PACKAGE_BUGREPORT "Charles Longeau <chl@openbsd.org>"
| #define PACKAGE_URL ""
| #define PACKAGE "opencvs"
| #define VERSION "4.5.0"
| /* end confdefs.h.  */
| #include <ac_nonexistent.h>
configure:7506: result: gcc -E
configure:7526: gcc -E  conftest.c
configure:7526: $? = 0
configure:7540: gcc -E  conftest.c
conftest.c:11:28: fatal error: ac_nonexistent.h: No such file or directory
 #include <ac_nonexistent.h>
                            ^
compilation terminated.
configure:7540: $? = 1
configure: failed program was:
| /* confdefs.h */
| #define PACKAGE_NAME "OpenCVS"
| #define PACKAGE_TARNAME "opencvs"
| #define PACKAGE_VERSION "4.5.0"
| #define PACKAGE_STRING "OpenCVS 4.5.0"
| #define PACKAGE_BUGREPORT "Charles Longeau <chl@openbsd.org>"
| #define PACKAGE_URL ""
| #define PACKAGE "opencvs"
| #define VERSION "4.5.0"
| /* end confdefs.h.  */
| #include <ac_nonexistent.h>
configure:7569: checking for ANSI C header files
configure:7589: gcc -c -g -O2  conftest.c >&5
configure:7589: $? = 0
configure:7662: gcc -o conftest -g -O2   conftest.c  >&5
configure:7662: $? = 0
configure:7662: ./conftest
configure:7662: $? = 0
configure:7673: result: yes
configure:7686: checking for sys/types.h
configure:7686: gcc -c -g -O2  conftest.c >&5
configure:7686: $? = 0
configure:7686: result: yes
configure:7686: checking for sys/stat.h
configure:7686: gcc -c -g -O2  conftest.c >&5
configure:7686: $? = 0
configure:7686: result: yes
configure:7686: checking for stdlib.h
configure:7686: gcc -c -g -O2  conftest.c >&5
configure:7686: $? = 0
configure:7686: result: yes
configure:7686: checking for string.h
configure:7686: gcc -c -g -O2  conftest.c >&5
configure:7686: $? = 0
configure:7686: result: yes
configure:7686: checking for memory.h
configure:7686: gcc -c -g -O2  conftest.c >&5
configure:7686: $? = 0
configure:7686: result: yes
configure:7686: checking for strings.h
configure:7686: gcc -c -g -O2  conftest.c >&5
configure:7686: $? = 0
configure:7686: result: yes
configure:7686: checking for inttypes.h
configure:7686: gcc -c -g -O2  conftest.c >&5
configure:7686: $? = 0
configure:7686: result: yes
configure:7686: checking for stdint.h
configure:7686: gcc -c -g -O2  conftest.c >&5
configure:7686: $? = 0
configure:7686: result: yes
configure:7686: checking for unistd.h
configure:7686: gcc -c -g -O2  conftest.c >&5
configure:7686: $? = 0
configure:7686: result: yes
configure:7700: checking for dlfcn.h
configure:7700: gcc -c -g -O2  conftest.c >&5
configure:7700: $? = 0
configure:7700: result: yes
configure:7906: checking for objdir
configure:7921: result: .libs
configure:8188: checking if gcc supports -fno-rtti -fno-exceptions
configure:8206: gcc -c -g -O2  -fno-rtti -fno-exceptions conftest.c >&5
cc1: warning: command line option '-fno-rtti' is valid for C++/ObjC++ but not for C
configure:8210: $? = 0
configure:8223: result: no
configure:8550: checking for gcc option to produce PIC
configure:8557: result: -fPIC -DPIC
configure:8565: checking if gcc PIC flag -fPIC -DPIC works
configure:8583: gcc -c -g -O2  -fPIC -DPIC -DPIC conftest.c >&5
configure:8587: $? = 0
configure:8600: result: yes
configure:8629: checking if gcc static flag -static works
configure:8657: result: yes
configure:8672: checking if gcc supports -c -o file.o
configure:8693: gcc -c -g -O2  -o out/conftest2.o conftest.c >&5
configure:8697: $? = 0
configure:8719: result: yes
configure:8727: checking if gcc supports -c -o file.o
configure:8774: result: yes
configure:8807: checking whether the gcc linker (/usr/bin/ld -m elf_x86_64) supports shared libraries
configure:9960: result: yes
configure:9997: checking whether -lc should be explicitly linked in
configure:10005: gcc -c -g -O2  conftest.c >&5
configure:10008: $? = 0
configure:10023: gcc -shared  -fPIC -DPIC conftest.o  -v -Wl,-soname -Wl,conftest -o conftest 2\>\&1 \| /usr/bin/grep  -lc  \>/dev/null 2\>\&1
configure:10026: $? = 0
configure:10040: result: no
configure:10200: checking dynamic linker characteristics
configure:10711: gcc -o conftest -g -O2   -Wl,-rpath -Wl,/foo conftest.c  >&5
configure:10711: $? = 0
configure:10933: result: GNU/Linux ld.so
configure:11040: checking how to hardcode library paths into programs
configure:11065: result: immediate
configure:11605: checking whether stripping libraries is possible
configure:11610: result: yes
configure:11645: checking if libtool supports shared libraries
configure:11647: result: yes
configure:11650: checking whether to build shared libraries
configure:11671: result: yes
configure:11674: checking whether to build static libraries
configure:11678: result: yes
configure:11715: checking whether ln -s works
configure:11719: result: yes
configure:11763: checking sys/dirent.h usability
configure:11763: gcc -c -g -O2  conftest.c >&5
conftest.c:56:24: fatal error: sys/dirent.h: No such file or directory
 #include <sys/dirent.h>
                        ^
compilation terminated.
configure:11763: $? = 1
configure: failed program was:
| /* confdefs.h */
| #define PACKAGE_NAME "OpenCVS"
| #define PACKAGE_TARNAME "opencvs"
| #define PACKAGE_VERSION "4.5.0"
| #define PACKAGE_STRING "OpenCVS 4.5.0"
| #define PACKAGE_BUGREPORT "Charles Longeau <chl@openbsd.org>"
| #define PACKAGE_URL ""
| #define PACKAGE "opencvs"
| #define VERSION "4.5.0"
| #define STDC_HEADERS 1
| #define HAVE_SYS_TYPES_H 1
| #define HAVE_SYS_STAT_H 1
| #define HAVE_STDLIB_H 1
| #define HAVE_STRING_H 1
| #define HAVE_MEMORY_H 1
| #define HAVE_STRINGS_H 1
| #define HAVE_INTTYPES_H 1
| #define HAVE_STDINT_H 1
| #define HAVE_UNISTD_H 1
| #define HAVE_DLFCN_H 1
| #define LT_OBJDIR ".libs/"
| /* end confdefs.h.  */
| #include <stdio.h>
| #ifdef HAVE_SYS_TYPES_H
| # include <sys/types.h>
| #endif
| #ifdef HAVE_SYS_STAT_H
| # include <sys/stat.h>
| #endif
| #ifdef STDC_HEADERS
| # include <stdlib.h>
| # include <stddef.h>
| #else
| # ifdef HAVE_STDLIB_H
| #  include <stdlib.h>
| # endif
| #endif
| #ifdef HAVE_STRING_H
| # if !defined STDC_HEADERS && defined HAVE_MEMORY_H
| #  include <memory.h>
| # endif
| # include <string.h>
| #endif
| #ifdef HAVE_STRINGS_H
| # include <strings.h>
| #endif
| #ifdef HAVE_INTTYPES_H
| # include <inttypes.h>
| #endif
| #ifdef HAVE_STDINT_H
| # include <stdint.h>
| #endif
| #ifdef HAVE_UNISTD_H
| # include <unistd.h>
| #endif
| #include <sys/dirent.h>
configure:11763: result: no
configure:11763: checking sys/dirent.h presence
configure:11763: gcc -E  conftest.c
conftest.c:23:24: fatal error: sys/dirent.h: No such file or directory
 #include <sys/dirent.h>
                        ^
compilation terminated.
configure:11763: $? = 1
configure: failed program was:
| /* confdefs.h */
| #define PACKAGE_NAME "OpenCVS"
| #define PACKAGE_TARNAME "opencvs"
| #define PACKAGE_VERSION "4.5.0"
| #define PACKAGE_STRING "OpenCVS 4.5.0"
| #define PACKAGE_BUGREPORT "Charles Longeau <chl@openbsd.org>"
| #define PACKAGE_URL ""
| #define PACKAGE "opencvs"
| #define VERSION "4.5.0"
| #define STDC_HEADERS 1
| #define HAVE_SYS_TYPES_H 1
| #define HAVE_SYS_STAT_H 1
| #define HAVE_STDLIB_H 1
| #define HAVE_STRING_H 1
| #define HAVE_MEMORY_H 1
| #define HAVE_STRINGS_H 1
| #define HAVE_INTTYPES_H 1
| #define HAVE_STDINT_H 1
| #define HAVE_UNISTD_H 1
| #define HAVE_DLFCN_H 1
| #define LT_OBJDIR ".libs/"
| /* end confdefs.h.  */
| #include <sys/dirent.h>
configure:11763: result: no
configure:11763: checking for sys/dirent.h
configure:11763: result: no
configure:11763: checking sys/time.h usability
configure:11763: gcc -c -g -O2  conftest.c >&5
configure:11763: $? = 0
configure:11763: result: yes
configure:11763: checking sys/time.h presence
configure:11763: gcc -E  conftest.c
configure:11763: $? = 0
configure:11763: result: yes
configure:11763: checking for sys/time.h
configure:11763: result: yes
configure:11763: checking err.h usability
configure:11763: gcc -c -g -O2  conftest.c >&5
configure:11763: $? = 0
configure:11763: result: yes
configure:11763: checking err.h presence
configure:11763: gcc -E  conftest.c
configure:11763: $? = 0
configure:11763: result: yes
configure:11763: checking for err.h
configure:11763: result: yes
configure:11763: checking dirent.h usability
configure:11763: gcc -c -g -O2  conftest.c >&5
configure:11763: $? = 0
configure:11763: result: yes
configure:11763: checking dirent.h presence
configure:11763: gcc -E  conftest.c
configure:11763: $? = 0
configure:11763: result: yes
configure:11763: checking for dirent.h
configure:11763: result: yes
configure:11763: checking utimes.h usability
configure:11763: gcc -c -g -O2  conftest.c >&5
conftest.c:59:20: fatal error: utimes.h: No such file or directory
 #include <utimes.h>
                    ^
compilation terminated.
configure:11763: $? = 1
configure: failed program was:
| /* confdefs.h */
| #define PACKAGE_NAME "OpenCVS"
| #define PACKAGE_TARNAME "opencvs"
| #define PACKAGE_VERSION "4.5.0"
| #define PACKAGE_STRING "OpenCVS 4.5.0"
| #define PACKAGE_BUGREPORT "Charles Longeau <chl@openbsd.org>"
| #define PACKAGE_URL ""
| #define PACKAGE "opencvs"
| #define VERSION "4.5.0"
| #define STDC_HEADERS 1
| #define HAVE_SYS_TYPES_H 1
| #define HAVE_SYS_STAT_H 1
| #define HAVE_STDLIB_H 1
| #define HAVE_STRING_H 1
| #define HAVE_MEMORY_H 1
| #define HAVE_STRINGS_H 1
| #define HAVE_INTTYPES_H 1
| #define HAVE_STDINT_H 1
| #define HAVE_UNISTD_H 1
| #define HAVE_DLFCN_H 1
| #define LT_OBJDIR ".libs/"
| #define HAVE_SYS_TIME_H 1
| #define HAVE_ERR_H 1
| #define HAVE_DIRENT_H 1
| /* end confdefs.h.  */
| #include <stdio.h>
| #ifdef HAVE_SYS_TYPES_H
| # include <sys/types.h>
| #endif
| #ifdef HAVE_SYS_STAT_H
| # include <sys/stat.h>
| #endif
| #ifdef STDC_HEADERS
| # include <stdlib.h>
| # include <stddef.h>
| #else
| # ifdef HAVE_STDLIB_H
| #  include <stdlib.h>
| # endif
| #endif
| #ifdef HAVE_STRING_H
| # if !defined STDC_HEADERS && defined HAVE_MEMORY_H
| #  include <memory.h>
| # endif
| # include <string.h>
| #endif
| #ifdef HAVE_STRINGS_H
| # include <strings.h>
| #endif
| #ifdef HAVE_INTTYPES_H
| # include <inttypes.h>
| #endif
| #ifdef HAVE_STDINT_H
| # include <stdint.h>
| #endif
| #ifdef HAVE_UNISTD_H
| # include <unistd.h>
| #endif
| #include <utimes.h>
configure:11763: result: no
configure:11763: checking utimes.h presence
configure:11763: gcc -E  conftest.c
conftest.c:26:20: fatal error: utimes.h: No such file or directory
 #include <utimes.h>
                    ^
compilation terminated.
configure:11763: $? = 1
configure: failed program was:
| /* confdefs.h */
| #define PACKAGE_NAME "OpenCVS"
| #define PACKAGE_TARNAME "opencvs"
| #define PACKAGE_VERSION "4.5.0"
| #define PACKAGE_STRING "OpenCVS 4.5.0"
| #define PACKAGE_BUGREPORT "Charles Longeau <chl@openbsd.org>"
| #define PACKAGE_URL ""
| #define PACKAGE "opencvs"
| #define VERSION "4.5.0"
| #define STDC_HEADERS 1
| #define HAVE_SYS_TYPES_H 1
| #define HAVE_SYS_STAT_H 1
| #define HAVE_STDLIB_H 1
| #define HAVE_STRING_H 1
| #define HAVE_MEMORY_H 1
| #define HAVE_STRINGS_H 1
| #define HAVE_INTTYPES_H 1
| #define HAVE_STDINT_H 1
| #define HAVE_UNISTD_H 1
| #define HAVE_DLFCN_H 1
| #define LT_OBJDIR ".libs/"
| #define HAVE_SYS_TIME_H 1
| #define HAVE_ERR_H 1
| #define HAVE_DIRENT_H 1
| /* end confdefs.h.  */
| #include <utimes.h>
configure:11763: result: no
configure:11763: checking for utimes.h
configure:11763: result: no
configure:11785: checking for fgetln
configure:11785: gcc -o conftest -g -O2   conftest.c  >&5
/tmp/cc3uHyXk.o: In function `main':
/home/james/Development/arrow-linux/dist/opencvs/conftest.c:60: undefined reference to `fgetln'
collect2: error: ld returned 1 exit status
configure:11785: $? = 1
configure: failed program was:
| /* confdefs.h */
| #define PACKAGE_NAME "OpenCVS"
| #define PACKAGE_TARNAME "opencvs"
| #define PACKAGE_VERSION "4.5.0"
| #define PACKAGE_STRING "OpenCVS 4.5.0"
| #define PACKAGE_BUGREPORT "Charles Longeau <chl@openbsd.org>"
| #define PACKAGE_URL ""
| #define PACKAGE "opencvs"
| #define VERSION "4.5.0"
| #define STDC_HEADERS 1
| #define HAVE_SYS_TYPES_H 1
| #define HAVE_SYS_STAT_H 1
| #define HAVE_STDLIB_H 1
| #define HAVE_STRING_H 1
| #define HAVE_MEMORY_H 1
| #define HAVE_STRINGS_H 1
| #define HAVE_INTTYPES_H 1
| #define HAVE_STDINT_H 1
| #define HAVE_UNISTD_H 1
| #define HAVE_DLFCN_H 1
| #define LT_OBJDIR ".libs/"
| #define HAVE_SYS_TIME_H 1
| #define HAVE_ERR_H 1
| #define HAVE_DIRENT_H 1
| /* end confdefs.h.  */
| /* Define fgetln to an innocuous variant, in case <limits.h> declares fgetln.
|    For example, HP-UX 11i <limits.h> declares gettimeofday.  */
| #define fgetln innocuous_fgetln
| 
| /* System header to define __stub macros and hopefully few prototypes,
|     which can conflict with char fgetln (); below.
|     Prefer <limits.h> to <assert.h> if __STDC__ is defined, since
|     <limits.h> exists even on freestanding compilers.  */
| 
| #ifdef __STDC__
| # include <limits.h>
| #else
| # include <assert.h>
| #endif
| 
| #undef fgetln
| 
| /* Override any GCC internal prototype to avoid an error.
|    Use char because int might match the return type of a GCC
|    builtin and then its argument prototype would still apply.  */
| #ifdef __cplusplus
| extern "C"
| #endif
| char fgetln ();
| /* The GNU C library defines this for functions which it implements
|     to always fail with ENOSYS.  Some functions are actually named
|     something starting with __ and the normal name is an alias.  */
| #if defined __stub_fgetln || defined __stub___fgetln
| choke me
| #endif
| 
| int
| main ()
| {
| return fgetln ();
|   ;
|   return 0;
| }
configure:11785: result: no
configure:11785: checking for getdents
configure:11785: gcc -o conftest -g -O2   conftest.c  >&5
/tmp/ccX5vqPu.o: In function `main':
/home/james/Development/arrow-linux/dist/opencvs/conftest.c:60: undefined reference to `getdents'
collect2: error: ld returned 1 exit status
configure:11785: $? = 1
configure: failed program was:
| /* confdefs.h */
| #define PACKAGE_NAME "OpenCVS"
| #define PACKAGE_TARNAME "opencvs"
| #define PACKAGE_VERSION "4.5.0"
| #define PACKAGE_STRING "OpenCVS 4.5.0"
| #define PACKAGE_BUGREPORT "Charles Longeau <chl@openbsd.org>"
| #define PACKAGE_URL ""
| #define PACKAGE "opencvs"
| #define VERSION "4.5.0"
| #define STDC_HEADERS 1
| #define HAVE_SYS_TYPES_H 1
| #define HAVE_SYS_STAT_H 1
| #define HAVE_STDLIB_H 1
| #define HAVE_STRING_H 1
| #define HAVE_MEMORY_H 1
| #define HAVE_STRINGS_H 1
| #define HAVE_INTTYPES_H 1
| #define HAVE_STDINT_H 1
| #define HAVE_UNISTD_H 1
| #define HAVE_DLFCN_H 1
| #define LT_OBJDIR ".libs/"
| #define HAVE_SYS_TIME_H 1
| #define HAVE_ERR_H 1
| #define HAVE_DIRENT_H 1
| /* end confdefs.h.  */
| /* Define getdents to an innocuous variant, in case <limits.h> declares getdents.
|    For example, HP-UX 11i <limits.h> declares gettimeofday.  */
| #define getdents innocuous_getdents
| 
| /* System header to define __stub macros and hopefully few prototypes,
|     which can conflict with char getdents (); below.
|     Prefer <limits.h> to <assert.h> if __STDC__ is defined, since
|     <limits.h> exists even on freestanding compilers.  */
| 
| #ifdef __STDC__
| # include <limits.h>
| #else
| # include <assert.h>
| #endif
| 
| #undef getdents
| 
| /* Override any GCC internal prototype to avoid an error.
|    Use char because int might match the return type of a GCC
|    builtin and then its argument prototype would still apply.  */
| #ifdef __cplusplus
| extern "C"
| #endif
| char getdents ();
| /* The GNU C library defines this for functions which it implements
|     to always fail with ENOSYS.  Some functions are actually named
|     something starting with __ and the normal name is an alias.  */
| #if defined __stub_getdents || defined __stub___getdents
| choke me
| #endif
| 
| int
| main ()
| {
| return getdents ();
|   ;
|   return 0;
| }
configure:11785: result: no
configure:11785: checking for getdirentries
configure:11785: gcc -o conftest -g -O2   conftest.c  >&5
configure:11785: $? = 0
configure:11785: result: yes
configure:11785: checking for getopt
configure:11785: gcc -o conftest -g -O2   conftest.c  >&5
configure:11785: $? = 0
configure:11785: result: yes
configure:11785: checking for strlcat
configure:11785: gcc -o conftest -g -O2   conftest.c  >&5
/tmp/ccCYvRAW.o: In function `main':
/home/james/Development/arrow-linux/dist/opencvs/conftest.c:62: undefined reference to `strlcat'
collect2: error: ld returned 1 exit status
configure:11785: $? = 1
configure: failed program was:
| /* confdefs.h */
| #define PACKAGE_NAME "OpenCVS"
| #define PACKAGE_TARNAME "opencvs"
| #define PACKAGE_VERSION "4.5.0"
| #define PACKAGE_STRING "OpenCVS 4.5.0"
| #define PACKAGE_BUGREPORT "Charles Longeau <chl@openbsd.org>"
| #define PACKAGE_URL ""
| #define PACKAGE "opencvs"
| #define VERSION "4.5.0"
| #define STDC_HEADERS 1
| #define HAVE_SYS_TYPES_H 1
| #define HAVE_SYS_STAT_H 1
| #define HAVE_STDLIB_H 1
| #define HAVE_STRING_H 1
| #define HAVE_MEMORY_H 1
| #define HAVE_STRINGS_H 1
| #define HAVE_INTTYPES_H 1
| #define HAVE_STDINT_H 1
| #define HAVE_UNISTD_H 1
| #define HAVE_DLFCN_H 1
| #define LT_OBJDIR ".libs/"
| #define HAVE_SYS_TIME_H 1
| #define HAVE_ERR_H 1
| #define HAVE_DIRENT_H 1
| #define HAVE_GETDIRENTRIES 1
| #define HAVE_GETOPT 1
| /* end confdefs.h.  */
| /* Define strlcat to an innocuous variant, in case <limits.h> declares strlcat.
|    For example, HP-UX 11i <limits.h> declares gettimeofday.  */
| #define strlcat innocuous_strlcat
| 
| /* System header to define __stub macros and hopefully few prototypes,
|     which can conflict with char strlcat (); below.
|     Prefer <limits.h> to <assert.h> if __STDC__ is defined, since
|     <limits.h> exists even on freestanding compilers.  */
| 
| #ifdef __STDC__
| # include <limits.h>
| #else
| # include <assert.h>
| #endif
| 
| #undef strlcat
| 
| /* Override any GCC internal prototype to avoid an error.
|    Use char because int might match the return type of a GCC
|    builtin and then its argument prototype would still apply.  */
| #ifdef __cplusplus
| extern "C"
| #endif
| char strlcat ();
| /* The GNU C library defines this for functions which it implements
|     to always fail with ENOSYS.  Some functions are actually named
|     something starting with __ and the normal name is an alias.  */
| #if defined __stub_strlcat || defined __stub___strlcat
| choke me
| #endif
| 
| int
| main ()
| {
| return strlcat ();
|   ;
|   return 0;
| }
configure:11785: result: no
configure:11785: checking for strlcpy
configure:11785: gcc -o conftest -g -O2   conftest.c  >&5
/tmp/ccccsR47.o: In function `main':
/home/james/Development/arrow-linux/dist/opencvs/conftest.c:62: undefined reference to `strlcpy'
collect2: error: ld returned 1 exit status
configure:11785: $? = 1
configure: failed program was:
| /* confdefs.h */
| #define PACKAGE_NAME "OpenCVS"
| #define PACKAGE_TARNAME "opencvs"
| #define PACKAGE_VERSION "4.5.0"
| #define PACKAGE_STRING "OpenCVS 4.5.0"
| #define PACKAGE_BUGREPORT "Charles Longeau <chl@openbsd.org>"
| #define PACKAGE_URL ""
| #define PACKAGE "opencvs"
| #define VERSION "4.5.0"
| #define STDC_HEADERS 1
| #define HAVE_SYS_TYPES_H 1
| #define HAVE_SYS_STAT_H 1
| #define HAVE_STDLIB_H 1
| #define HAVE_STRING_H 1
| #define HAVE_MEMORY_H 1
| #define HAVE_STRINGS_H 1
| #define HAVE_INTTYPES_H 1
| #define HAVE_STDINT_H 1
| #define HAVE_UNISTD_H 1
| #define HAVE_DLFCN_H 1
| #define LT_OBJDIR ".libs/"
| #define HAVE_SYS_TIME_H 1
| #define HAVE_ERR_H 1
| #define HAVE_DIRENT_H 1
| #define HAVE_GETDIRENTRIES 1
| #define HAVE_GETOPT 1
| /* end confdefs.h.  */
| /* Define strlcpy to an innocuous variant, in case <limits.h> declares strlcpy.
|    For example, HP-UX 11i <limits.h> declares gettimeofday.  */
| #define strlcpy innocuous_strlcpy
| 
| /* System header to define __stub macros and hopefully few prototypes,
|     which can conflict with char strlcpy (); below.
|     Prefer <limits.h> to <assert.h> if __STDC__ is defined, since
|     <limits.h> exists even on freestanding compilers.  */
| 
| #ifdef __STDC__
| # include <limits.h>
| #else
| # include <assert.h>
| #endif
| 
| #undef strlcpy
| 
| /* Override any GCC internal prototype to avoid an error.
|    Use char because int might match the return type of a GCC
|    builtin and then its argument prototype would still apply.  */
| #ifdef __cplusplus
| extern "C"
| #endif
| char strlcpy ();
| /* The GNU C library defines this for functions which it implements
|     to always fail with ENOSYS.  Some functions are actually named
|     something starting with __ and the normal name is an alias.  */
| #if defined __stub_strlcpy || defined __stub___strlcpy
| choke me
| #endif
| 
| int
| main ()
| {
| return strlcpy ();
|   ;
|   return 0;
| }
configure:11785: result: no
configure:11785: checking for strtonum
configure:11785: gcc -o conftest -g -O2   conftest.c  >&5
/tmp/ccsfB0Fe.o: In function `main':
/home/james/Development/arrow-linux/dist/opencvs/conftest.c:62: undefined reference to `strtonum'
collect2: error: ld returned 1 exit status
configure:11785: $? = 1
configure: failed program was:
| /* confdefs.h */
| #define PACKAGE_NAME "OpenCVS"
| #define PACKAGE_TARNAME "opencvs"
| #define PACKAGE_VERSION "4.5.0"
| #define PACKAGE_STRING "OpenCVS 4.5.0"
| #define PACKAGE_BUGREPORT "Charles Longeau <chl@openbsd.org>"
| #define PACKAGE_URL ""
| #define PACKAGE "opencvs"
| #define VERSION "4.5.0"
| #define STDC_HEADERS 1
| #define HAVE_SYS_TYPES_H 1
| #define HAVE_SYS_STAT_H 1
| #define HAVE_STDLIB_H 1
| #define HAVE_STRING_H 1
| #define HAVE_MEMORY_H 1
| #define HAVE_STRINGS_H 1
| #define HAVE_INTTYPES_H 1
| #define HAVE_STDINT_H 1
| #define HAVE_UNISTD_H 1
| #define HAVE_DLFCN_H 1
| #define LT_OBJDIR ".libs/"
| #define HAVE_SYS_TIME_H 1
| #define HAVE_ERR_H 1
| #define HAVE_DIRENT_H 1
| #define HAVE_GETDIRENTRIES 1
| #define HAVE_GETOPT 1
| /* end confdefs.h.  */
| /* Define strtonum to an innocuous variant, in case <limits.h> declares strtonum.
|    For example, HP-UX 11i <limits.h> declares gettimeofday.  */
| #define strtonum innocuous_strtonum
| 
| /* System header to define __stub macros and hopefully few prototypes,
|     which can conflict with char strtonum (); below.
|     Prefer <limits.h> to <assert.h> if __STDC__ is defined, since
|     <limits.h> exists even on freestanding compilers.  */
| 
| #ifdef __STDC__
| # include <limits.h>
| #else
| # include <assert.h>
| #endif
| 
| #undef strtonum
| 
| /* Override any GCC internal prototype to avoid an error.
|    Use char because int might match the return type of a GCC
|    builtin and then its argument prototype would still apply.  */
| #ifdef __cplusplus
| extern "C"
| #endif
| char strtonum ();
| /* The GNU C library defines this for functions which it implements
|     to always fail with ENOSYS.  Some functions are actually named
|     something starting with __ and the normal name is an alias.  */
| #if defined __stub_strtonum || defined __stub___strtonum
| choke me
| #endif
| 
| int
| main ()
| {
| return strtonum ();
|   ;
|   return 0;
| }
configure:11785: result: no
configure:11785: checking for tzset
configure:11785: gcc -o conftest -g -O2   conftest.c  >&5
configure:11785: $? = 0
configure:11785: result: yes
configure:11798: checking for utimes
configure:11798: gcc -o conftest -g -O2   conftest.c  >&5
configure:11798: $? = 0
configure:11798: result: yes
configure:11806: checking for futimes
configure:11806: gcc -o conftest -g -O2   conftest.c  >&5
configure:11806: $? = 0
configure:11806: result: yes
configure:11839: checking for working fnmatch with FNM_CASEFOLD
configure:11853: gcc -o conftest -g -O2   conftest.c  >&5
conftest.c: In function 'main':
conftest.c:32:10: warning: incompatible implicit declaration of built-in function 'exit'
 main() { exit(fnmatch("/*/bin/echo *", "/usr/bin/echo just a test", FNM_CASEFOLD)); }
          ^
configure:11853: $? = 0
configure:11853: ./conftest
configure:11853: $? = 0
configure:11864: result: yes
configure:11878: checking whether strsep is declared
configure:11878: gcc -c -g -O2  conftest.c >&5
configure:11878: $? = 0
configure:11878: result: yes
configure:11887: checking for strsep
configure:11887: gcc -o conftest -g -O2   conftest.c  >&5
configure:11887: $? = 0
configure:11887: result: yes
configure:11900: checking whether LLONG_MAX is declared
configure:11900: gcc -c -g -O2  conftest.c >&5
configure:11900: $? = 0
configure:11900: result: yes
configure:11950: checking size of char
configure:11955: gcc -o conftest -g -O2 -Wall -Wpointer-arith -Wuninitialized -Wsign-compare -Wno-pointer-sign   conftest.c  >&5
configure:11955: $? = 0
configure:11955: ./conftest
configure:11955: $? = 0
configure:11969: result: 1
configure:11983: checking size of short int
configure:11988: gcc -o conftest -g -O2 -Wall -Wpointer-arith -Wuninitialized -Wsign-compare -Wno-pointer-sign   conftest.c  >&5
configure:11988: $? = 0
configure:11988: ./conftest
configure:11988: $? = 0
configure:12002: result: 2
configure:12016: checking size of int
configure:12021: gcc -o conftest -g -O2 -Wall -Wpointer-arith -Wuninitialized -Wsign-compare -Wno-pointer-sign   conftest.c  >&5
configure:12021: $? = 0
configure:12021: ./conftest
configure:12021: $? = 0
configure:12035: result: 4
configure:12049: checking size of long int
configure:12054: gcc -o conftest -g -O2 -Wall -Wpointer-arith -Wuninitialized -Wsign-compare -Wno-pointer-sign   conftest.c  >&5
configure:12054: $? = 0
configure:12054: ./conftest
configure:12054: $? = 0
configure:12068: result: 8
configure:12082: checking size of long long int
configure:12087: gcc -o conftest -g -O2 -Wall -Wpointer-arith -Wuninitialized -Wsign-compare -Wno-pointer-sign   conftest.c  >&5
configure:12087: $? = 0
configure:12087: ./conftest
configure:12087: $? = 0
configure:12101: result: 8
configure:12239: checking for u_int type
configure:12256: gcc -c -g -O2 -Wall -Wpointer-arith -Wuninitialized -Wsign-compare -Wno-pointer-sign  conftest.c >&5
conftest.c: In function 'main':
conftest.c:43:8: warning: variable 'a' set but not used [-Wunused-but-set-variable]
  u_int a; a = 1;
        ^
configure:12256: $? = 0
configure:12265: result: yes
configure:12274: checking for intXX_t types
configure:12291: gcc -c -g -O2 -Wall -Wpointer-arith -Wuninitialized -Wsign-compare -Wno-pointer-sign  conftest.c >&5
conftest.c: In function 'main':
conftest.c:44:9: warning: variable 'a' set but not used [-Wunused-but-set-variable]
  int8_t a; int16_t b; int32_t c; a = b = c = 1;
         ^
configure:12291: $? = 0
configure:12300: result: yes
configure:12340: checking for int64_t type
configure:12366: gcc -c -g -O2 -Wall -Wpointer-arith -Wuninitialized -Wsign-compare -Wno-pointer-sign  conftest.c >&5
conftest.c: In function 'main':
conftest.c:54:10: warning: variable 'a' set but not used [-Wunused-but-set-variable]
  int64_t a; a = 1;
          ^
configure:12366: $? = 0
configure:12375: result: yes
configure:12383: checking for u_intXX_t types
configure:12400: gcc -c -g -O2 -Wall -Wpointer-arith -Wuninitialized -Wsign-compare -Wno-pointer-sign  conftest.c >&5
conftest.c: In function 'main':
conftest.c:46:11: warning: variable 'a' set but not used [-Wunused-but-set-variable]
  u_int8_t a; u_int16_t b; u_int32_t c; a = b = c = 1;
           ^
configure:12400: $? = 0
configure:12409: result: yes
configure:12447: checking for u_int64_t types
configure:12464: gcc -c -g -O2 -Wall -Wpointer-arith -Wuninitialized -Wsign-compare -Wno-pointer-sign  conftest.c >&5
conftest.c: In function 'main':
conftest.c:47:12: warning: variable 'a' set but not used [-Wunused-but-set-variable]
  u_int64_t a; a = 1;
            ^
configure:12464: $? = 0
configure:12473: result: yes
configure:12550: checking for uintXX_t types in stdint.h
configure:12563: gcc -c -g -O2 -Wall -Wpointer-arith -Wuninitialized -Wsign-compare -Wno-pointer-sign  conftest.c >&5
conftest.c: In function 'main':
conftest.c:48:10: warning: variable 'a' set but not used [-Wunused-but-set-variable]
  uint8_t a; uint16_t b; uint32_t c; a = b = c = 1;
          ^
configure:12563: $? = 0
configure:12567: result: yes
configure:12618: checking for u_char
configure:12637: gcc -c -g -O2 -Wall -Wpointer-arith -Wuninitialized -Wsign-compare -Wno-pointer-sign  conftest.c >&5
conftest.c: In function 'main':
conftest.c:51:9: warning: variable 'foo' set but not used [-Wunused-but-set-variable]
  u_char foo; foo = 125;
         ^
configure:12637: $? = 0
configure:12646: result: yes
configure:12656: checking for dirname
configure:12656: gcc -o conftest -g -O2 -Wall -Wpointer-arith -Wuninitialized -Wsign-compare -Wno-pointer-sign   conftest.c  >&5
configure:12656: $? = 0
configure:12656: result: yes
configure:12663: checking libgen.h usability
configure:12663: gcc -c -g -O2 -Wall -Wpointer-arith -Wuninitialized -Wsign-compare -Wno-pointer-sign  conftest.c >&5
configure:12663: $? = 0
configure:12663: result: yes
configure:12663: checking libgen.h presence
configure:12663: gcc -E  conftest.c
configure:12663: $? = 0
configure:12663: result: yes
configure:12663: checking for libgen.h
configure:12663: result: yes
configure:12783: checking for size_t
configure:12802: gcc -c -g -O2 -Wall -Wpointer-arith -Wuninitialized -Wsign-compare -Wno-pointer-sign  conftest.c >&5
conftest.c: In function 'main':
conftest.c:54:9: warning: variable 'foo' set but not used [-Wunused-but-set-variable]
  size_t foo; foo = 1235;
         ^
configure:12802: $? = 0
configure:12811: result: yes
configure:12819: checking for ssize_t
configure:12838: gcc -c -g -O2 -Wall -Wpointer-arith -Wuninitialized -Wsign-compare -Wno-pointer-sign  conftest.c >&5
conftest.c: In function 'main':
conftest.c:55:10: warning: variable 'foo' set but not used [-Wunused-but-set-variable]
  ssize_t foo; foo = 1235;
          ^
configure:12838: $? = 0
configure:12847: result: yes
configure:12855: checking for sa_family_t
configure:12875: gcc -c -g -O2 -Wall -Wpointer-arith -Wuninitialized -Wsign-compare -Wno-pointer-sign  conftest.c >&5
conftest.c: In function 'main':
conftest.c:57:14: warning: variable 'foo' set but not used [-Wunused-but-set-variable]
  sa_family_t foo; foo = 1235;
              ^
configure:12875: $? = 0
configure:12905: result: yes
configure:12913: checking for pid_t
configure:12932: gcc -c -g -O2 -Wall -Wpointer-arith -Wuninitialized -Wsign-compare -Wno-pointer-sign  conftest.c >&5
conftest.c: In function 'main':
conftest.c:57:8: warning: variable 'foo' set but not used [-Wunused-but-set-variable]
  pid_t foo; foo = 1235;
        ^
configure:12932: $? = 0
configure:12941: result: yes
configure:12949: checking for mode_t
configure:12968: gcc -c -g -O2 -Wall -Wpointer-arith -Wuninitialized -Wsign-compare -Wno-pointer-sign  conftest.c >&5
conftest.c: In function 'main':
conftest.c:58:9: warning: variable 'foo' set but not used [-Wunused-but-set-variable]
  mode_t foo; foo = 1235;
         ^
configure:12968: $? = 0
configure:12977: result: yes
configure:12986: checking for library containing basename
configure:13017: gcc -o conftest -g -O2 -Wall -Wpointer-arith -Wuninitialized -Wsign-compare -Wno-pointer-sign   conftest.c  >&5
configure:13017: $? = 0
configure:13034: result: none required
configure:13045: checking whether getopt has optreset support
configure:13064: gcc -o conftest -g -O2 -Wall -Wpointer-arith -Wuninitialized -Wsign-compare -Wno-pointer-sign   conftest.c  >&5
/tmp/cciJJqYt.o: In function `main':
/home/james/Development/arrow-linux/dist/opencvs/conftest.c:60: undefined reference to `optreset'
collect2: error: ld returned 1 exit status
configure:13064: $? = 1
configure: failed program was:
| /* confdefs.h */
| #define PACKAGE_NAME "OpenCVS"
| #define PACKAGE_TARNAME "opencvs"
| #define PACKAGE_VERSION "4.5.0"
| #define PACKAGE_STRING "OpenCVS 4.5.0"
| #define PACKAGE_BUGREPORT "Charles Longeau <chl@openbsd.org>"
| #define PACKAGE_URL ""
| #define PACKAGE "opencvs"
| #define VERSION "4.5.0"
| #define STDC_HEADERS 1
| #define HAVE_SYS_TYPES_H 1
| #define HAVE_SYS_STAT_H 1
| #define HAVE_STDLIB_H 1
| #define HAVE_STRING_H 1
| #define HAVE_MEMORY_H 1
| #define HAVE_STRINGS_H 1
| #define HAVE_INTTYPES_H 1
| #define HAVE_STDINT_H 1
| #define HAVE_UNISTD_H 1
| #define HAVE_DLFCN_H 1
| #define LT_OBJDIR ".libs/"
| #define HAVE_SYS_TIME_H 1
| #define HAVE_ERR_H 1
| #define HAVE_DIRENT_H 1
| #define HAVE_GETDIRENTRIES 1
| #define HAVE_GETOPT 1
| #define HAVE_TZSET 1
| #define HAVE_UTIMES 1
| #define HAVE_FUTIMES 1
| #define HAVE_FNMATCH 1
| #define HAVE_STRSEP 1
| #define HAVE_ATTRIBUTE__NONNULL__ 1
| #define SIZEOF_CHAR 1
| #define SIZEOF_SHORT_INT 2
| #define SIZEOF_INT 4
| #define SIZEOF_LONG_INT 8
| #define SIZEOF_LONG_LONG_INT 8
| #define HAVE_U_INT 1
| #define HAVE_INTXX_T 1
| #define HAVE_INT64_T 1
| #define HAVE_U_INTXX_T 1
| #define HAVE_U_INT64_T 1
| #define HAVE_UINTXX_T 1
| #define HAVE_U_CHAR 1
| #define HAVE_DIRNAME 1
| #define HAVE_LIBGEN_H 1
| #define HAVE_SIZE_T 1
| #define HAVE_SSIZE_T 1
| #define HAVE_SA_FAMILY_T 1
| #define HAVE_PID_T 1
| #define HAVE_MODE_T 1
| #define HAVE_BASENAME 1
| /* end confdefs.h.  */
| 
| #include <getopt.h>
| 
| int
| main ()
| {
|  extern int optreset; optreset = 0;
|   ;
|   return 0;
| }
configure:13074: result: no
configure:13086: checking for dirent.d_fileno or .d_ino
configure:13107: gcc -c -g -O2 -Wall -Wpointer-arith -Wuninitialized -Wsign-compare -Wno-pointer-sign  conftest.c >&5
conftest.c: In function 'main':
conftest.c:63:16: warning: variable 'de' set but not used [-Wunused-but-set-variable]
  struct dirent de; de.d_fileno = 1;
                ^
configure:13107: $? = 0
configure:13116: result: d_fileno
configure:13155: checking for dirent.d_type
configure:13173: gcc -o conftest -g -O2 -Wall -Wpointer-arith -Wuninitialized -Wsign-compare -Wno-pointer-sign   conftest.c  >&5
conftest.c: In function 'main':
conftest.c:61:16: warning: variable 'de' set but not used [-Wunused-but-set-variable]
  struct dirent de; de.d_type = DT_REG;
                ^
configure:13173: $? = 0
configure:13183: result: yes
configure:13195: checking whether struct tm has tm_gmtoff
configure:13221: gcc -o conftest -g -O2 -Wall -Wpointer-arith -Wuninitialized -Wsign-compare -Wno-pointer-sign   conftest.c  >&5
conftest.c: In function 'main':
conftest.c:69:21: warning: unused variable 'l' [-Wunused-variable]
  struct tm tm; long l = tm.tm_gmtoff;
                     ^
conftest.c:69:21: warning: 'tm.tm_gmtoff' is used uninitialized in this function [-Wuninitialized]
configure:13221: $? = 0
configure:13231: result: yes
configure:13240: checking whether timezone is a long
configure:13267: gcc -o conftest -g -O2 -Wall -Wpointer-arith -Wuninitialized -Wsign-compare -Wno-pointer-sign   conftest.c  >&5
configure:13267: $? = 0
configure:13277: result: yes
configure:13407: checking that generated files are newer than configure
configure:13413: result: done
configure:13436: creating ./config.status

## ---------------------- ##
## Running config.status. ##
## ---------------------- ##

This file was extended by OpenCVS config.status 4.5.0, which was
generated by GNU Autoconf 2.69.  Invocation command line was

  CONFIG_FILES    = 
  CONFIG_HEADERS  = 
  CONFIG_LINKS    = 
  CONFIG_COMMANDS = 
  $ ./config.status 

on dimension-e510

config.status:1120: creating Makefile
config.status:1120: creating openbsd-compat/Makefile
config.status:1120: creating src/Makefile
config.status:1120: creating config.h
config.status:1349: executing depfiles commands
config.status:1349: executing libtool commands

## ---------------- ##
## Cache variables. ##
## ---------------- ##

ac_cv_build=x86_64-unknown-linux-gnu
ac_cv_c_compiler_gnu=yes
ac_cv_dirent_d_type=yes
ac_cv_dirent_inode=d_fileno
ac_cv_env_CC_set=
ac_cv_env_CC_value=
ac_cv_env_CFLAGS_set=
ac_cv_env_CFLAGS_value=
ac_cv_env_CPPFLAGS_set=
ac_cv_env_CPPFLAGS_value=
ac_cv_env_CPP_set=
ac_cv_env_CPP_value=
ac_cv_env_LDFLAGS_set=
ac_cv_env_LDFLAGS_value=
ac_cv_env_LIBS_set=
ac_cv_env_LIBS_value=
ac_cv_env_YACC_set=
ac_cv_env_YACC_value=
ac_cv_env_YFLAGS_set=
ac_cv_env_YFLAGS_value=
ac_cv_env_build_alias_set=
ac_cv_env_build_alias_value=
ac_cv_env_host_alias_set=
ac_cv_env_host_alias_value=
ac_cv_env_target_alias_set=
ac_cv_env_target_alias_value=
ac_cv_func_dirname=yes
ac_cv_func_fgetln=no
ac_cv_func_fnmatch=yes
ac_cv_func_futimes=yes
ac_cv_func_getdents=no
ac_cv_func_getdirentries=yes
ac_cv_func_getopt=yes
ac_cv_func_strlcat=no
ac_cv_func_strlcpy=no
ac_cv_func_strsep=yes
ac_cv_func_strtonum=no
ac_cv_func_tzset=yes
ac_cv_func_utimes=yes
ac_cv_have_decl_LLONG_MAX=yes
ac_cv_have_decl_strsep=yes
ac_cv_have_getopt_optreset=no
ac_cv_have_int64_t=yes
ac_cv_have_intxx_t=yes
ac_cv_have_mode_t=yes
ac_cv_have_pid_t=yes
ac_cv_have_sa_family_t=yes
ac_cv_have_size_t=yes
ac_cv_have_ssize_t=yes
ac_cv_have_u_char=yes
ac_cv_have_u_int64_t=yes
ac_cv_have_u_int=yes
ac_cv_have_u_intxx_t=yes
ac_cv_header_dirent_h=yes
ac_cv_header_dlfcn_h=yes
ac_cv_header_err_h=yes
ac_cv_header_inttypes_h=yes
ac_cv_header_libgen_h=yes
ac_cv_header_memory_h=yes
ac_cv_header_stdc=yes
ac_cv_header_stdint_h=yes
ac_cv_header_stdlib_h=yes
ac_cv_header_string_h=yes
ac_cv_header_strings_h=yes
ac_cv_header_sys_dirent_h=no
ac_cv_header_sys_stat_h=yes
ac_cv_header_sys_time_h=yes
ac_cv_header_sys_types_h=yes
ac_cv_header_unistd_h=yes
ac_cv_header_utimes_h=no
ac_cv_host=x86_64-unknown-linux-gnu
ac_cv_long_timezone=yes
ac_cv_objext=o
ac_cv_path_EGREP='/usr/bin/grep -E'
ac_cv_path_FGREP='/usr/bin/grep -F'
ac_cv_path_GREP=/usr/bin/grep
ac_cv_path_SED=/usr/bin/sed
ac_cv_path_install='/usr/bin/install -c'
ac_cv_path_mkdir=/usr/bin/mkdir
ac_cv_prog_AWK=gawk
ac_cv_prog_CPP='gcc -E'
ac_cv_prog_YACC='bison -y'
ac_cv_prog_ac_ct_AR=ar
ac_cv_prog_ac_ct_CC=gcc
ac_cv_prog_ac_ct_OBJDUMP=objdump
ac_cv_prog_ac_ct_RANLIB=ranlib
ac_cv_prog_ac_ct_STRIP=strip
ac_cv_prog_cc_c89=
ac_cv_prog_cc_g=yes
ac_cv_prog_make_make_set=yes
ac_cv_search_basename='none required'
ac_cv_sizeof_char=1
ac_cv_sizeof_int=4
ac_cv_sizeof_long_int=8
ac_cv_sizeof_long_long_int=8
ac_cv_sizeof_short_int=2
ac_cv_tm_gmtoff=yes
am_cv_CC_dependencies_compiler_type=gcc3
am_cv_make_support_nested_variables=yes
am_cv_prog_cc_c_o=yes
lt_cv_ar_at_file=@
lt_cv_archive_cmds_need_lc=no
lt_cv_deplibs_check_method=pass_all
lt_cv_file_magic_cmd='$MAGIC_CMD'
lt_cv_file_magic_test_file=
lt_cv_ld_reload_flag=-r
lt_cv_nm_interface='BSD nm'
lt_cv_objdir=.libs
lt_cv_path_LD=/usr/bin/ld
lt_cv_path_NM='/usr/bin/nm -B'
lt_cv_path_mainfest_tool=no
lt_cv_prog_compiler_c_o=yes
lt_cv_prog_compiler_pic='-fPIC -DPIC'
lt_cv_prog_compiler_pic_works=yes
lt_cv_prog_compiler_rtti_exceptions=no
lt_cv_prog_compiler_static_works=yes
lt_cv_prog_gnu_ld=yes
lt_cv_sharedlib_from_linklib_cmd='printf %s\n'
lt_cv_shlibpath_overrides_runpath=no
lt_cv_sys_global_symbol_pipe='sed -n -e '\''s/^.*[	 ]\([ABCDGIRSTW][ABCDGIRSTW]*\)[	 ][	 ]*\([_A-Za-z][_A-Za-z0-9]*\)$/\1 \2 \2/p'\'' | sed '\''/ __gnu_lto/d'\'''
lt_cv_sys_global_symbol_to_c_name_address='sed -n -e '\''s/^: \([^ ]*\)[ ]*$/  {\"\1\", (void *) 0},/p'\'' -e '\''s/^[ABCDGIRSTW]* \([^ ]*\) \([^ ]*\)$/  {"\2", (void *) \&\2},/p'\'''
lt_cv_sys_global_symbol_to_c_name_address_lib_prefix='sed -n -e '\''s/^: \([^ ]*\)[ ]*$/  {\"\1\", (void *) 0},/p'\'' -e '\''s/^[ABCDGIRSTW]* \([^ ]*\) \(lib[^ ]*\)$/  {"\2", (void *) \&\2},/p'\'' -e '\''s/^[ABCDGIRSTW]* \([^ ]*\) \([^ ]*\)$/  {"lib\2", (void *) \&\2},/p'\'''
lt_cv_sys_global_symbol_to_cdecl='sed -n -e '\''s/^T .* \(.*\)$/extern int \1();/p'\'' -e '\''s/^[ABCDGIRSTW]* .* \(.*\)$/extern char \1;/p'\'''
lt_cv_sys_max_cmd_len=1572864
lt_cv_to_host_file_cmd=func_convert_file_noop
lt_cv_to_tool_file_cmd=func_convert_file_noop

## ----------------- ##
## Output variables. ##
## ----------------- ##

ACLOCAL='${SHELL} /home/james/Development/arrow-linux/dist/opencvs/missing aclocal-1.14'
AMDEPBACKSLASH='\'
AMDEP_FALSE='#'
AMDEP_TRUE=''
AMTAR='$${TAR-tar}'
AM_BACKSLASH='\'
AM_DEFAULT_V='$(AM_DEFAULT_VERBOSITY)'
AM_DEFAULT_VERBOSITY='1'
AM_V='$(V)'
AR='ar'
AUTOCONF='${SHELL} /home/james/Development/arrow-linux/dist/opencvs/missing autoconf'
AUTOHEADER='${SHELL} /home/james/Development/arrow-linux/dist/opencvs/missing autoheader'
AUTOMAKE='${SHELL} /home/james/Development/arrow-linux/dist/opencvs/missing automake-1.14'
AWK='gawk'
CC='gcc'
CCDEPMODE='depmode=gcc3'
CFLAGS='-g -O2 -Wall -Wpointer-arith -Wuninitialized -Wsign-compare -Wno-pointer-sign '
CPP='gcc -E'
CPPFLAGS=''
CYGPATH_W='echo'
DEFS='-DHAVE_CONFIG_H'
DEPDIR='.deps'
DLLTOOL='false'
DSYMUTIL=''
DUMPBIN=''
ECHO_C=''
ECHO_N='-n'
ECHO_T=''
EGREP='/usr/bin/grep -E'
EXEEXT=''
FGREP='/usr/bin/grep -F'
GREP='/usr/bin/grep'
INSTALL_DATA='${INSTALL} -m 644'
INSTALL_PROGRAM='${INSTALL}'
INSTALL_SCRIPT='${INSTALL}'
INSTALL_STRIP_PROGRAM='$(install_sh) -c -s'
LD='/usr/bin/ld -m elf_x86_64'
LDFLAGS=''
LIBOBJS=''
LIBS=''
LIBTOOL='$(SHELL) $(top_builddir)/libtool'
LIPO=''
LN_S='ln -s'
LTLIBOBJS=''
MAKEINFO='${SHELL} /home/james/Development/arrow-linux/dist/opencvs/missing makeinfo'
MANIFEST_TOOL=':'
MKDIR_P='/usr/bin/mkdir -p'
NM='/usr/bin/nm -B'
NMEDIT=''
OBJDUMP='objdump'
OBJEXT='o'
OTOOL64=''
OTOOL=''
PACKAGE='opencvs'
PACKAGE_BUGREPORT='Charles Longeau <chl@openbsd.org>'
PACKAGE_NAME='OpenCVS'
PACKAGE_STRING='OpenCVS 4.5.0'
PACKAGE_TARNAME='opencvs'
PACKAGE_URL=''
PACKAGE_VERSION='4.5.0'
PATH_SEPARATOR=':'
RANLIB='ranlib'
SED='/usr/bin/sed'
SET_MAKE=''
SHELL='/bin/sh'
STRIP='strip'
VERSION='4.5.0'
YACC='bison -y'
YFLAGS=''
ac_ct_AR='ar'
ac_ct_CC='gcc'
ac_ct_DUMPBIN=''
am__EXEEXT_FALSE=''
am__EXEEXT_TRUE='#'
am__fastdepCC_FALSE='#'
am__fastdepCC_TRUE=''
am__include='include'
am__isrc=''
am__leading_dot='.'
am__nodep='_no'
am__quote=''
am__tar='$${TAR-tar} chof - "$$tardir"'
am__untar='$${TAR-tar} xf -'
bindir='${exec_prefix}/bin'
build='x86_64-unknown-linux-gnu'
build_alias=''
build_cpu='x86_64'
build_os='linux-gnu'
build_vendor='unknown'
datadir='${datarootdir}'
datarootdir='${prefix}/share'
docdir='${datarootdir}/doc/${PACKAGE_TARNAME}'
dvidir='${docdir}'
exec_prefix='${prefix}'
host='x86_64-unknown-linux-gnu'
host_alias=''
host_cpu='x86_64'
host_os='linux-gnu'
host_vendor='unknown'
htmldir='${docdir}'
includedir='${prefix}/include'
infodir='${datarootdir}/info'
install_sh='${SHELL} /home/james/Development/arrow-linux/dist/opencvs/install-sh'
libdir='${exec_prefix}/lib'
libexecdir='${exec_prefix}/libexec'
localedir='${datarootdir}/locale'
localstatedir='${prefix}/var'
mandir='${datarootdir}/man'
mkdir_p='$(MKDIR_P)'
oldincludedir='/usr/include'
pdfdir='${docdir}'
prefix='/usr'
program_transform_name='s,x,x,'
psdir='${docdir}'
sbindir='${exec_prefix}/sbin'
sharedstatedir='${prefix}/com'
sysconfdir='${prefix}/etc'
target_alias=''

## ----------- ##
## confdefs.h. ##
## ----------- ##

/* confdefs.h */
#define PACKAGE_NAME "OpenCVS"
#define PACKAGE_TARNAME "opencvs"
#define PACKAGE_VERSION "4.5.0"
#define PACKAGE_STRING "OpenCVS 4.5.0"
#define PACKAGE_BUGREPORT "Charles Longeau <chl@openbsd.org>"
#define PACKAGE_URL ""
#define PACKAGE "opencvs"
#define VERSION "4.5.0"
#define STDC_HEADERS 1
#define HAVE_SYS_TYPES_H 1
#define HAVE_SYS_STAT_H 1
#define HAVE_STDLIB_H 1
#define HAVE_STRING_H 1
#define HAVE_MEMORY_H 1
#define HAVE_STRINGS_H 1
#define HAVE_INTTYPES_H 1
#define HAVE_STDINT_H 1
#define HAVE_UNISTD_H 1
#define HAVE_DLFCN_H 1
#define LT_OBJDIR ".libs/"
#define HAVE_SYS_TIME_H 1
#define HAVE_ERR_H 1
#define HAVE_DIRENT_H 1
#define HAVE_GETDIRENTRIES 1
#define HAVE_GETOPT 1
#define HAVE_TZSET 1
#define HAVE_UTIMES 1
#define HAVE_FUTIMES 1
#define HAVE_FNMATCH 1
#define HAVE_STRSEP 1
#define HAVE_ATTRIBUTE__NONNULL__ 1
#define SIZEOF_CHAR 1
#define SIZEOF_SHORT_INT 2
#define SIZEOF_INT 4
#define SIZEOF_LONG_INT 8
#define SIZEOF_LONG_LONG_INT 8
#define HAVE_U_INT 1
#define HAVE_INTXX_T 1
#define HAVE_INT64_T 1
#define HAVE_U_INTXX_T 1
#define HAVE_U_INT64_T 1
#define HAVE_UINTXX_T 1
#define HAVE_U_CHAR 1
#define HAVE_DIRNAME 1
#define HAVE_LIBGEN_H 1
#define HAVE_SIZE_T 1
#define HAVE_SSIZE_T 1
#define HAVE_SA_FAMILY_T 1
#define HAVE_PID_T 1
#define HAVE_MODE_T 1
#define HAVE_BASENAME 1
#define HAVE_DIRENT_FILENO "d_fileno"
#define HAVE_DIRENT_TYPE "d_type"
#define HAVE_TM_GMTOFF 1
#define HAVE_LONG_TIMEZONE 1
#define _GNU_SOURCE /**/

configure: exit 0
